<html>
<body>
<pre>
<h1>Vision Build Log</h1>
<h2>Project:</h2>
G:\资料\ST\stm32F407_Discover\STM32F407VGT6\【批量下载】STM32F4xx_StdPeriph_lib v1.0.2等\STM32F4\STM32F4Discovery\STM32F4给ArdaTech客户资料 V2\外设库及例程\STM32F4-Discovery_FW_V1.1.0\Project\FW_upgrade\MDK-ARM\STM32F4-Discovery_FW_Upgrade.uvproj
Project File Date:  10/28/2011

<h2>Output:</h2>
Build target 'STM32F4-Discovery_FW_Upgrade'
compiling command.c...
..\inc\usbh_usr.h(35): error:  #5: cannot open source input file "usbh_msc_core.h": No such file or directory
  #include "usbh_msc_core.h"
..\src\command.c: 0 warnings, 1 error
compiling flash_if.c...
..\inc\usbh_usr.h(35): error:  #5: cannot open source input file "usbh_msc_core.h": No such file or directory
  #include "usbh_msc_core.h"
..\src\flash_if.c: 0 warnings, 1 error
compiling main.c...
..\inc\usbh_usr.h(35): error:  #5: cannot open source input file "usbh_msc_core.h": No such file or directory
  #include "usbh_msc_core.h"
..\src\main.c: 0 warnings, 1 error
compiling stm32f4xx_it.c...
..\inc\usbh_usr.h(35): error:  #5: cannot open source input file "usbh_msc_core.h": No such file or directory
  #include "usbh_msc_core.h"
..\src\stm32f4xx_it.c: 0 warnings, 1 error
compiling system_stm32f4xx.c...
compiling usb_bsp.c...
compiling usbh_usr.c...
..\inc\usbh_usr.h(35): error:  #5: cannot open source input file "usbh_msc_core.h": No such file or directory
  #include "usbh_msc_core.h"
..\src\usbh_usr.c: 0 warnings, 1 error
compiling stm32f4_discovery.c...
compiling stm32f4xx_syscfg.c...
compiling misc.c...
compiling stm32f4xx_adc.c...
compiling stm32f4xx_dac.c...
compiling stm32f4xx_dma.c...
compiling stm32f4xx_exti.c...
compiling stm32f4xx_flash.c...
compiling stm32f4xx_gpio.c...
compiling stm32f4xx_i2c.c...
compiling stm32f4xx_rcc.c...
compiling stm32f4xx_spi.c...
compiling stm32f4xx_tim.c...
assembling startup_stm32f4xx.s...
startup_stm32f4xx.s: error: A1023E: File "..\..\..\Libraries\CMSIS\ST\STM32F4xx\Source\Templates\arm\startup_stm32f4xx.s" could not be opened: No such file or directory
".\STM32F4-Discovery_FW_Upgrade\STM32F4-Discovery_FW_Upgrade.axf" - 6 Error(s), 0 Warning(s).
Target not created
